2019-05-17 12:17:09,975 ERROR o.s.j.Model [AWT-EventQueue-0] An element of type reaction with the id "R_1" is already present in this model. The new element of type reaction will not have it's id set. In some cases, the new element will not be added to the model.
2019-05-17 12:17:09,978 ERROR o.s.j.IdentifierException [AWT-EventQueue-0] An element with the id "R_1" is already present in the SBML model. The element reaction will ignore the value.
2019-05-17 12:17:17,892 ERROR o.s.j.Model [AWT-EventQueue-0] An element of type reaction with the id "R_1" is already present in this model. The new element of type reaction will not have it's id set. In some cases, the new element will not be added to the model.
2019-05-17 12:17:17,893 ERROR o.s.j.IdentifierException [AWT-EventQueue-0] An element with the id "R_1" is already present in the SBML model. The element reaction will ignore the value.
2019-05-17 12:17:18,674 ERROR o.s.j.Model [AWT-EventQueue-0] An element of type reaction with the id "R_1" is already present in this model. The new element of type reaction will not have it's id set. In some cases, the new element will not be added to the model.
2019-05-17 12:17:18,674 ERROR o.s.j.IdentifierException [AWT-EventQueue-0] An element with the id "R_1" is already present in the SBML model. The element reaction will ignore the value.
2019-05-17 12:17:31,370 ERROR o.s.j.Model [AWT-EventQueue-0] An element of type reaction with the id "R_1" is already present in this model. The new element of type reaction will not have it's id set. In some cases, the new element will not be added to the model.
2019-05-17 12:17:31,371 ERROR o.s.j.IdentifierException [AWT-EventQueue-0] An element with the id "R_1" is already present in the SBML model. The element reaction will ignore the value.
2019-05-17 12:17:36,897 ERROR o.s.j.Model [AWT-EventQueue-0] An element of type reaction with the id "R_1" is already present in this model. The new element of type reaction will not have it's id set. In some cases, the new element will not be added to the model.
2019-05-17 12:17:36,897 ERROR o.s.j.IdentifierException [AWT-EventQueue-0] An element with the id "R_1" is already present in the SBML model. The element reaction will ignore the value.
2019-05-17 12:17:37,395 ERROR o.s.j.Model [AWT-EventQueue-0] An element of type reaction with the id "R_1" is already present in this model. The new element of type reaction will not have it's id set. In some cases, the new element will not be added to the model.
2019-05-17 12:17:37,396 ERROR o.s.j.IdentifierException [AWT-EventQueue-0] An element with the id "R_1" is already present in the SBML model. The element reaction will ignore the value.
2019-05-17 12:17:48,717 ERROR o.s.j.Model [AWT-EventQueue-0] An element of type reaction with the id "R_1" is already present in this model. The new element of type reaction will not have it's id set. In some cases, the new element will not be added to the model.
2019-05-17 12:17:48,718 ERROR o.s.j.IdentifierException [AWT-EventQueue-0] An element with the id "R_1" is already present in the SBML model. The element reaction will ignore the value.
2019-05-17 13:06:13,709 WARN o.s.j.Model [AWT-EventQueue-0] Could not find any instance of Reaction for the given id 'R_ROSFADc'.
2019-05-17 13:06:39,023 WARN o.s.j.Model [AWT-EventQueue-0] Could not find any instance of Reaction for the given id 'R_SALCRy'.
2019-05-17 13:06:47,377 WARN o.s.j.Model [AWT-EventQueue-0] Could not find any instance of Reaction for the given id 'R_SALCRy'.
2019-05-17 13:06:49,607 WARN o.s.j.Model [AWT-EventQueue-0] Could not find any instance of Reaction for the given id 'R_SALCRy'.
2019-05-17 13:06:59,537 WARN o.s.j.Model [AWT-EventQueue-0] Could not find any instance of Reaction for the given id 'R_SALCRy'.
2019-05-20 16:06:01,084 ERROR o.s.j.Model [Thread executing task Saving Project... ] An element of type objective with the id "objR_1" is already present in this model. The new element of type objective will not have it's id set. In some cases, the new element will not be added to the model.
2019-05-20 16:06:45,404 ERROR o.s.j.Model [Thread executing task Saving Project... ] An element of type objective with the id "objR_1" is already present in this model. The new element of type objective will not have it's id set. In some cases, the new element will not be added to the model.
2019-05-20 16:07:35,762 ERROR o.s.j.Model [Thread executing task Saving Project... ] An element of type objective with the id "objR_1" is already present in this model. The new element of type objective will not have it's id set. In some cases, the new element will not be added to the model.
2019-05-20 16:08:23,249 ERROR o.s.j.Model [Thread executing task Saving Project... ] An element of type objective with the id "objR_1" is already present in this model. The new element of type objective will not have it's id set. In some cases, the new element will not be added to the model.
2019-05-28 09:50:28,499 WARN o.s.j.x.p.SBMLCoreParser [Thread executing task Opening File... ] No Species matches the speciesID 'VIXXGMXE' of speciesReference ''.
2019-05-28 09:50:28,502 WARN o.s.j.x.p.SBMLCoreParser [Thread executing task Opening File... ] No Species matches the speciesID 'KCO2ZI2G' of speciesReference ''.
2019-05-28 09:50:28,504 WARN o.s.j.x.p.SBMLCoreParser [Thread executing task Opening File... ] No Species matches the speciesID 'Q51EW4AO' of speciesReference ''.
2019-05-28 09:50:28,505 WARN o.s.j.x.p.SBMLCoreParser [Thread executing task Opening File... ] No Species matches the speciesID 'Z4WR1COM' of speciesReference ''.
2019-05-28 09:50:28,506 WARN o.s.j.x.p.SBMLCoreParser [Thread executing task Opening File... ] No Species matches the speciesID 'OJ5AGFOZ' of speciesReference ''.
2019-05-28 09:50:28,506 WARN o.s.j.x.p.SBMLCoreParser [Thread executing task Opening File... ] No Species matches the speciesID 'ZR5WIU87' of speciesReference ''.
2019-05-28 09:50:28,507 WARN o.s.j.x.p.SBMLCoreParser [Thread executing task Opening File... ] No Species matches the speciesID 'SI500DI2' of speciesReference ''.
2019-05-28 09:50:28,508 WARN o.s.j.x.p.SBMLCoreParser [Thread executing task Opening File... ] No Species matches the speciesID 'MZUZAPSR' of speciesReference ''.
2019-05-28 09:50:28,509 WARN o.s.j.x.p.SBMLCoreParser [Thread executing task Opening File... ] No Species matches the speciesID 'Z36Y2TKI' of speciesReference ''.
2019-05-28 09:50:28,515 WARN o.s.j.x.p.SBMLCoreParser [Thread executing task Opening File... ] No Species matches the speciesID 'HKUQCAQC' of speciesReference ''.
2019-05-28 09:50:28,515 WARN o.s.j.x.p.SBMLCoreParser [Thread executing task Opening File... ] No Species matches the speciesID 'Z9KWKLP5' of speciesReference ''.
2019-05-28 09:50:28,517 WARN o.s.j.x.p.SBMLCoreParser [Thread executing task Opening File... ] No Species matches the speciesID 'MABV18AJ' of speciesReference ''.
2019-05-28 09:50:28,518 WARN o.s.j.x.p.SBMLCoreParser [Thread executing task Opening File... ] No Species matches the speciesID 'DWNGB3IP' of speciesReference ''.
2019-05-28 09:50:28,518 WARN o.s.j.x.p.SBMLCoreParser [Thread executing task Opening File... ] No Species matches the speciesID 'IX5ZB396' of speciesReference ''.
2019-05-28 09:50:28,520 WARN o.s.j.x.p.SBMLCoreParser [Thread executing task Opening File... ] No Species matches the speciesID 'UJG4OOA9' of speciesReference ''.
2019-05-28 09:50:28,521 WARN o.s.j.x.p.SBMLCoreParser [Thread executing task Opening File... ] No Species matches the speciesID 'Z0QM2C1S' of speciesReference ''.
2019-05-28 09:50:28,523 WARN o.s.j.x.p.SBMLCoreParser [Thread executing task Opening File... ] No Species matches the speciesID 'R1G3HUAW' of speciesReference ''.
2019-05-28 09:50:28,523 WARN o.s.j.x.p.SBMLCoreParser [Thread executing task Opening File... ] No Species matches the speciesID 'VNG6WRQI' of speciesReference ''.
2019-05-28 09:50:28,524 WARN o.s.j.x.p.SBMLCoreParser [Thread executing task Opening File... ] No Species matches the speciesID 'XNQET923' of speciesReference ''.
2019-05-28 09:50:28,526 WARN o.s.j.x.p.SBMLCoreParser [Thread executing task Opening File... ] No Species matches the speciesID 'S1YNY6IQ' of speciesReference ''.
2019-05-28 09:50:28,533 WARN o.s.j.x.p.SBMLCoreParser [Thread executing task Opening File... ] No Species matches the speciesID 'A312XY0C' of speciesReference ''.
2019-05-28 09:50:28,533 WARN o.s.j.x.p.SBMLCoreParser [Thread executing task Opening File... ] No Species matches the speciesID 'UWUFQIQ1' of speciesReference ''.
2019-05-28 09:50:28,535 WARN o.s.j.x.p.SBMLCoreParser [Thread executing task Opening File... ] No Species matches the speciesID 'ZIEW5ZIQ' of speciesReference ''.
2019-05-28 09:50:28,535 WARN o.s.j.x.p.SBMLCoreParser [Thread executing task Opening File... ] No Species matches the speciesID 'HKUQCAQC' of speciesReference ''.
2019-05-28 09:50:28,536 WARN o.s.j.x.p.SBMLCoreParser [Thread executing task Opening File... ] No Species matches the speciesID 'UD2I4AZ5' of speciesReference ''.
2019-05-28 09:50:28,537 WARN o.s.j.x.p.SBMLCoreParser [Thread executing task Opening File... ] No Species matches the speciesID 'MJSEHVWM' of speciesReference ''.
2019-05-28 09:50:28,537 WARN o.s.j.x.p.SBMLCoreParser [Thread executing task Opening File... ] No Species matches the speciesID 'EI0CQ4PG' of speciesReference ''.
2019-05-28 09:50:28,537 WARN o.s.j.x.p.SBMLCoreParser [Thread executing task Opening File... ] No Species matches the speciesID 'SRZZUSOM' of speciesReference ''.
2019-05-28 09:50:28,538 WARN o.s.j.x.p.SBMLCoreParser [Thread executing task Opening File... ] No Species matches the speciesID 'MB4Q1LOL' of speciesReference ''.
2019-05-28 09:50:28,539 WARN o.s.j.x.p.SBMLCoreParser [Thread executing task Opening File... ] No Species matches the speciesID 'UJG4OOA9' of speciesReference ''.
2019-05-28 09:50:28,542 WARN o.s.j.x.p.SBMLCoreParser [Thread executing task Opening File... ] No Species matches the speciesID 'LXZ9UE9H' of speciesReference ''.
2019-05-28 09:50:28,542 WARN o.s.j.x.p.SBMLCoreParser [Thread executing task Opening File... ] No Species matches the speciesID 'S660U6LY' of speciesReference ''.
2019-05-28 09:50:28,544 WARN o.s.j.x.p.SBMLCoreParser [Thread executing task Opening File... ] No Species matches the speciesID 'ZDH3UOXI' of speciesReference ''.
2019-05-28 09:50:28,547 WARN o.s.j.x.p.SBMLCoreParser [Thread executing task Opening File... ] No Species matches the speciesID 'MXIWRZ88' of speciesReference ''.
2019-05-28 09:50:28,547 WARN o.s.j.x.p.SBMLCoreParser [Thread executing task Opening File... ] No Species matches the speciesID 'T86FFG0Q' of speciesReference ''.
2019-05-28 09:50:28,548 WARN o.s.j.x.p.SBMLCoreParser [Thread executing task Opening File... ] No Species matches the speciesID 'AZJ0FX92' of speciesReference ''.
2019-05-28 09:50:28,550 WARN o.s.j.x.p.SBMLCoreParser [Thread executing task Opening File... ] No Species matches the speciesID 'CTA063OU' of speciesReference ''.
2019-05-28 09:50:28,550 WARN o.s.j.x.p.SBMLCoreParser [Thread executing task Opening File... ] No Species matches the speciesID 'UD33TL8R' of speciesReference ''.
2019-05-28 09:50:28,553 WARN o.s.j.x.p.SBMLCoreParser [Thread executing task Opening File... ] No Species matches the speciesID 'KLAKESX9' of speciesReference ''.
2019-05-28 09:50:28,553 WARN o.s.j.x.p.SBMLCoreParser [Thread executing task Opening File... ] No Species matches the speciesID 'Z0QM2C1S' of speciesReference ''.
2019-05-28 09:50:28,554 WARN o.s.j.x.p.SBMLCoreParser [Thread executing task Opening File... ] No Species matches the speciesID 'PLYHTPX0' of speciesReference ''.
2019-05-28 09:50:28,554 WARN o.s.j.x.p.SBMLCoreParser [Thread executing task Opening File... ] No Species matches the speciesID 'CJTV9XA6' of speciesReference ''.
2019-05-28 09:50:28,556 WARN o.s.j.x.p.SBMLCoreParser [Thread executing task Opening File... ] No Species matches the speciesID 'MJSEHVWM' of speciesReference ''.
2019-05-28 09:50:28,556 WARN o.s.j.x.p.SBMLCoreParser [Thread executing task Opening File... ] No Species matches the speciesID 'J8F1YT9S' of speciesReference ''.
2019-05-28 09:50:28,561 WARN o.s.j.x.p.SBMLCoreParser [Thread executing task Opening File... ] No Species matches the speciesID 'XORT10ID' of speciesReference ''.
2019-05-28 09:50:28,561 WARN o.s.j.x.p.SBMLCoreParser [Thread executing task Opening File... ] No Species matches the speciesID 'VPBS9FZW' of speciesReference ''.
2019-05-28 09:50:28,562 WARN o.s.j.x.p.SBMLCoreParser [Thread executing task Opening File... ] No Species matches the speciesID 'BCQF2COE' of speciesReference ''.
2019-05-28 09:50:28,562 WARN o.s.j.x.p.SBMLCoreParser [Thread executing task Opening File... ] No Species matches the speciesID 'AU2S8RPN' of speciesReference ''.
2019-05-28 09:50:28,563 WARN o.s.j.x.p.SBMLCoreParser [Thread executing task Opening File... ] No Species matches the speciesID 'F2K9N913' of speciesReference ''.
2019-05-28 09:50:28,565 WARN o.s.j.x.p.SBMLCoreParser [Thread executing task Opening File... ] No Species matches the speciesID 'AXBKUUZ7' of speciesReference ''.
2019-05-28 09:50:28,568 WARN o.s.j.x.p.SBMLCoreParser [Thread executing task Opening File... ] No Species matches the speciesID 'YILPCOOE' of speciesReference ''.
2019-05-28 09:50:28,569 WARN o.s.j.x.p.SBMLCoreParser [Thread executing task Opening File... ] No Species matches the speciesID 'ULM6YS9F' of speciesReference ''.
2019-05-28 09:50:28,570 WARN o.s.j.x.p.SBMLCoreParser [Thread executing task Opening File... ] No Species matches the speciesID 'PEFLRJ0R' of speciesReference ''.
2019-05-28 09:50:28,570 WARN o.s.j.x.p.SBMLCoreParser [Thread executing task Opening File... ] No Species matches the speciesID 'YYHHEC9Y' of speciesReference ''.
2019-05-28 09:50:28,572 WARN o.s.j.x.p.SBMLCoreParser [Thread executing task Opening File... ] No Species matches the speciesID 'A312XY0C' of speciesReference ''.
2019-05-28 09:50:28,573 WARN o.s.j.x.p.SBMLCoreParser [Thread executing task Opening File... ] No Species matches the speciesID 'UJG4OOA9' of speciesReference ''.
2019-05-28 09:50:28,573 WARN o.s.j.x.p.SBMLCoreParser [Thread executing task Opening File... ] No Species matches the speciesID 'PTF40WWP' of speciesReference ''.
2019-05-28 09:50:28,574 WARN o.s.j.x.p.SBMLCoreParser [Thread executing task Opening File... ] No Species matches the speciesID 'J8F1YT9S' of speciesReference ''.
2019-05-28 09:50:28,575 WARN o.s.j.x.p.SBMLCoreParser [Thread executing task Opening File... ] No Species matches the speciesID 'IX5ZB396' of speciesReference ''.
2019-05-28 09:50:28,575 WARN o.s.j.x.p.SBMLCoreParser [Thread executing task Opening File... ] No Species matches the speciesID 'EI0CQ4PG' of speciesReference ''.
2019-05-28 09:50:28,575 WARN o.s.j.x.p.SBMLCoreParser [Thread executing task Opening File... ] No Species matches the speciesID 'UEIO50XI' of speciesReference ''.
2019-05-28 09:50:28,576 WARN o.s.j.x.p.SBMLCoreParser [Thread executing task Opening File... ] No Species matches the speciesID 'PGL0OXO0' of speciesReference ''.
2019-05-28 09:50:28,576 WARN o.s.j.x.p.SBMLCoreParser [Thread executing task Opening File... ] No Species matches the speciesID 'DOZWD99Y' of speciesReference ''.
2019-05-28 09:50:28,577 WARN o.s.j.x.p.SBMLCoreParser [Thread executing task Opening File... ] No Species matches the speciesID 'Q51EW4AO' of speciesReference ''.
2019-05-28 09:50:28,577 WARN o.s.j.x.p.SBMLCoreParser [Thread executing task Opening File... ] No Species matches the speciesID 'ZIEW5ZIQ' of speciesReference ''.
2019-05-28 09:50:28,578 WARN o.s.j.x.p.SBMLCoreParser [Thread executing task Opening File... ] No Species matches the speciesID 'WMRGEKXF' of speciesReference ''.
2019-05-28 09:50:28,579 WARN o.s.j.x.p.SBMLCoreParser [Thread executing task Opening File... ] No Species matches the speciesID 'Z9KWKLP5' of speciesReference ''.
2019-05-28 09:50:28,579 WARN o.s.j.x.p.SBMLCoreParser [Thread executing task Opening File... ] No Species matches the speciesID 'SMLONG83' of speciesReference ''.
2019-05-28 09:50:28,580 WARN o.s.j.x.p.SBMLCoreParser [Thread executing task Opening File... ] No Species matches the speciesID 'OJ5AGFOZ' of speciesReference ''.
2019-05-28 09:50:28,582 WARN o.s.j.x.p.SBMLCoreParser [Thread executing task Opening File... ] No Species matches the speciesID 'DQZ65WAW' of speciesReference ''.
2019-05-28 09:50:28,583 WARN o.s.j.x.p.SBMLCoreParser [Thread executing task Opening File... ] No Species matches the speciesID 'VIXXGMXE' of speciesReference ''.
2019-05-28 09:50:28,584 WARN o.s.j.x.p.SBMLCoreParser [Thread executing task Opening File... ] No Species matches the speciesID 'A09P3K8X' of speciesReference ''.
2019-05-28 09:50:28,584 WARN o.s.j.x.p.SBMLCoreParser [Thread executing task Opening File... ] No Species matches the speciesID 'K80UQD2O' of speciesReference ''.
2019-05-28 09:50:28,585 WARN o.s.j.x.p.SBMLCoreParser [Thread executing task Opening File... ] No Species matches the speciesID 'TGLS1YIE' of speciesReference ''.
2019-05-28 09:50:28,586 WARN o.s.j.x.p.SBMLCoreParser [Thread executing task Opening File... ] No Species matches the speciesID 'DS2IXY83' of speciesReference ''.
2019-05-28 09:50:28,587 WARN o.s.j.x.p.SBMLCoreParser [Thread executing task Opening File... ] No Species matches the speciesID 'Z3IHU2LI' of speciesReference ''.
2019-05-28 09:50:28,588 WARN o.s.j.x.p.SBMLCoreParser [Thread executing task Opening File... ] No Species matches the speciesID 'O19JKDKI' of speciesReference ''.
2019-05-28 09:50:28,588 WARN o.s.j.x.p.SBMLCoreParser [Thread executing task Opening File... ] No Species matches the speciesID 'YJFUZFSS' of speciesReference ''.
2019-05-28 09:50:28,590 WARN o.s.j.x.p.SBMLCoreParser [Thread executing task Opening File... ] No Species matches the speciesID 'DWNGB3IP' of speciesReference ''.
2019-05-28 09:50:28,592 WARN o.s.j.x.p.SBMLCoreParser [Thread executing task Opening File... ] No Species matches the speciesID 'CLWCK62V' of speciesReference ''.
2019-05-28 09:50:28,592 WARN o.s.j.x.p.SBMLCoreParser [Thread executing task Opening File... ] No Species matches the speciesID 'VNG6WRQI' of speciesReference ''.
2019-05-28 09:50:28,594 WARN o.s.j.x.p.SBMLCoreParser [Thread executing task Opening File... ] No Species matches the speciesID 'MXIWRZ88' of speciesReference ''.
2019-05-28 09:50:28,594 WARN o.s.j.x.p.SBMLCoreParser [Thread executing task Opening File... ] No Species matches the speciesID 'BEECCXQJ' of speciesReference ''.
2019-05-28 09:50:28,595 WARN o.s.j.x.p.SBMLCoreParser [Thread executing task Opening File... ] No Species matches the speciesID 'FHVWD2KH' of speciesReference ''.
2019-05-28 09:50:28,595 WARN o.s.j.x.p.SBMLCoreParser [Thread executing task Opening File... ] No Species matches the speciesID 'LXZ9UE9H' of speciesReference ''.
2019-05-28 09:50:28,597 WARN o.s.j.x.p.SBMLCoreParser [Thread executing task Opening File... ] No Species matches the speciesID 'VPBS9FZW' of speciesReference ''.
2019-05-28 09:50:28,597 WARN o.s.j.x.p.SBMLCoreParser [Thread executing task Opening File... ] No Species matches the speciesID 'IH29NMXX' of speciesReference ''.
2019-05-28 09:50:28,599 WARN o.s.j.x.p.SBMLCoreParser [Thread executing task Opening File... ] No Species matches the speciesID 'DKY9KQ10' of speciesReference ''.
2019-05-28 09:50:28,600 WARN o.s.j.x.p.SBMLCoreParser [Thread executing task Opening File... ] No Species matches the speciesID 'MB4Q1LOL' of speciesReference ''.
2019-05-28 09:50:28,600 WARN o.s.j.x.p.SBMLCoreParser [Thread executing task Opening File... ] No Species matches the speciesID 'PHU10ROK' of speciesReference ''.
2019-05-28 09:50:28,601 WARN o.s.j.x.p.SBMLCoreParser [Thread executing task Opening File... ] No Species matches the speciesID 'L2KQDQ9Q' of speciesReference ''.
2019-05-28 09:50:28,601 WARN o.s.j.x.p.SBMLCoreParser [Thread executing task Opening File... ] No Species matches the speciesID 'DA56Q3S8' of speciesReference ''.
2019-05-28 09:50:28,603 WARN o.s.j.x.p.SBMLCoreParser [Thread executing task Opening File... ] No Species matches the speciesID 'ZIEW5ZIQ' of speciesReference ''.
2019-05-28 09:50:28,605 WARN o.s.j.x.p.SBMLCoreParser [Thread executing task Opening File... ] No Species matches the speciesID 'G36B24LA' of speciesReference ''.
2019-05-28 09:50:28,605 WARN o.s.j.x.p.SBMLCoreParser [Thread executing task Opening File... ] No Species matches the speciesID 'A09P3K8X' of speciesReference ''.
2019-05-28 09:50:28,606 WARN o.s.j.x.p.SBMLCoreParser [Thread executing task Opening File... ] No Species matches the speciesID 'I5B7XD82' of speciesReference ''.
2019-05-28 09:50:28,607 WARN o.s.j.x.p.SBMLCoreParser [Thread executing task Opening File... ] No Species matches the speciesID 'JE95NDOW' of speciesReference ''.
2019-05-28 09:50:28,608 WARN o.s.j.x.p.SBMLCoreParser [Thread executing task Opening File... ] No Species matches the speciesID 'LME2P2OA' of speciesReference ''.
2019-05-28 09:50:28,608 WARN o.s.j.x.p.SBMLCoreParser [Thread executing task Opening File... ] No Species matches the speciesID 'IU4VYF2K' of speciesReference ''.
2019-05-28 09:50:28,611 WARN o.s.j.x.p.SBMLCoreParser [Thread executing task Opening File... ] No Species matches the speciesID 'R1G3HUAW' of speciesReference ''.
2019-05-28 09:50:28,612 WARN o.s.j.x.p.SBMLCoreParser [Thread executing task Opening File... ] No Species matches the speciesID 'SI500DI2' of speciesReference ''.
2019-05-28 09:50:28,613 WARN o.s.j.x.p.SBMLCoreParser [Thread executing task Opening File... ] No Species matches the speciesID 'MZUZAPSR' of speciesReference ''.
2019-05-28 09:50:28,613 WARN o.s.j.x.p.SBMLCoreParser [Thread executing task Opening File... ] No Species matches the speciesID 'F5XJN0PI' of speciesReference ''.
2019-05-28 09:50:28,614 WARN o.s.j.x.p.SBMLCoreParser [Thread executing task Opening File... ] No Species matches the speciesID 'AXBKUUZ7' of speciesReference ''.
2019-05-28 09:50:28,615 WARN o.s.j.x.p.SBMLCoreParser [Thread executing task Opening File... ] No Species matches the speciesID 'DS2IXY83' of speciesReference ''.
2019-05-28 09:50:28,615 WARN o.s.j.x.p.SBMLCoreParser [Thread executing task Opening File... ] No Species matches the speciesID 'O1AI09A1' of speciesReference ''.
2019-05-28 09:50:28,616 WARN o.s.j.x.p.SBMLCoreParser [Thread executing task Opening File... ] No Species matches the speciesID 'QLXIHI17' of speciesReference ''.
2019-05-28 09:50:28,616 WARN o.s.j.x.p.SBMLCoreParser [Thread executing task Opening File... ] No Species matches the speciesID 'ZR5WIU87' of speciesReference ''.
2019-05-28 09:50:28,618 WARN o.s.j.x.p.SBMLCoreParser [Thread executing task Opening File... ] No Species matches the speciesID 'Z4WR1COM' of speciesReference ''.
2019-05-28 09:50:28,619 WARN o.s.j.x.p.SBMLCoreParser [Thread executing task Opening File... ] No Species matches the speciesID 'KLAKESX9' of speciesReference ''.
2019-05-28 09:50:28,619 WARN o.s.j.x.p.SBMLCoreParser [Thread executing task Opening File... ] No Species matches the speciesID 'F2K9N913' of speciesReference ''.
2019-05-28 09:50:28,620 WARN o.s.j.x.p.SBMLCoreParser [Thread executing task Opening File... ] No Species matches the speciesID 'KIX0UFPL' of speciesReference ''.
2019-05-28 09:50:28,620 WARN o.s.j.x.p.SBMLCoreParser [Thread executing task Opening File... ] No Species matches the speciesID 'KCO2ZI2G' of speciesReference ''.
2019-05-28 09:50:28,622 WARN o.s.j.x.p.SBMLCoreParser [Thread executing task Opening File... ] No Species matches the speciesID 'F5XJN0PI' of speciesReference ''.
2019-05-28 09:50:28,623 WARN o.s.j.x.p.SBMLCoreParser [Thread executing task Opening File... ] No Species matches the speciesID 'XNQET923' of speciesReference ''.
2019-05-28 09:50:28,624 WARN o.s.j.x.p.SBMLCoreParser [Thread executing task Opening File... ] No Species matches the speciesID 'SIVXWJPA' of speciesReference ''.
2019-05-28 09:50:28,624 WARN o.s.j.x.p.SBMLCoreParser [Thread executing task Opening File... ] No Species matches the speciesID 'WXX3GO9H' of speciesReference ''.
2019-05-28 09:50:28,625 WARN o.s.j.x.p.SBMLCoreParser [Thread executing task Opening File... ] No Species matches the speciesID 'DQZ65WAW' of speciesReference ''.
2019-05-28 09:50:28,625 WARN o.s.j.x.p.SBMLCoreParser [Thread executing task Opening File... ] No Species matches the speciesID 'AZJ0FX92' of speciesReference ''.
2019-05-28 09:50:28,625 WARN o.s.j.x.p.SBMLCoreParser [Thread executing task Opening File... ] No Species matches the speciesID 'GEHA69P1' of speciesReference ''.
2019-05-28 09:50:28,626 WARN o.s.j.x.p.SBMLCoreParser [Thread executing task Opening File... ] No Species matches the speciesID 'S1YNY6IQ' of speciesReference ''.
2019-05-28 09:50:28,626 WARN o.s.j.x.p.SBMLCoreParser [Thread executing task Opening File... ] No Species matches the speciesID 'PEFLRJ0R' of speciesReference ''.
2019-05-28 09:50:28,628 WARN o.s.j.x.p.SBMLCoreParser [Thread executing task Opening File... ] No Species matches the speciesID 'VALBOML3' of speciesReference ''.
2019-05-28 09:50:28,628 WARN o.s.j.x.p.SBMLCoreParser [Thread executing task Opening File... ] No Species matches the speciesID 'UEIO50XI' of speciesReference ''.
2019-05-28 09:50:28,632 WARN o.s.j.x.p.SBMLCoreParser [Thread executing task Opening File... ] No Species matches the speciesID 'CTA063OU' of speciesReference ''.
2019-05-28 09:50:28,633 WARN o.s.j.x.p.SBMLCoreParser [Thread executing task Opening File... ] No Species matches the speciesID 'Z9KWKLP5' of speciesReference ''.
2019-05-28 09:50:28,633 WARN o.s.j.x.p.SBMLCoreParser [Thread executing task Opening File... ] No Species matches the speciesID 'UFEB3ZAJ' of speciesReference ''.
2019-05-28 09:50:28,635 WARN o.s.j.x.p.SBMLCoreParser [Thread executing task Opening File... ] No Species matches the speciesID 'DOZWD99Y' of speciesReference ''.
2019-05-28 09:50:28,635 WARN o.s.j.x.p.SBMLCoreParser [Thread executing task Opening File... ] No Species matches the speciesID 'UD2I4AZ5' of speciesReference ''.
2019-05-28 09:50:28,637 WARN o.s.j.x.p.SBMLCoreParser [Thread executing task Opening File... ] No Species matches the speciesID 'I5B7XD82' of speciesReference ''.
2019-05-28 09:50:28,637 WARN o.s.j.x.p.SBMLCoreParser [Thread executing task Opening File... ] No Species matches the speciesID 'BEECCXQJ' of speciesReference ''.
2019-05-28 09:50:28,638 WARN o.s.j.x.p.SBMLCoreParser [Thread executing task Opening File... ] No Species matches the speciesID 'S660U6LY' of speciesReference ''.
2019-05-28 09:50:28,638 WARN o.s.j.x.p.SBMLCoreParser [Thread executing task Opening File... ] No Species matches the speciesID 'O19JKDKI' of speciesReference ''.
2019-05-28 09:50:28,639 WARN o.s.j.x.p.SBMLCoreParser [Thread executing task Opening File... ] No Species matches the speciesID 'MB4Q1LOL' of speciesReference ''.
2019-05-28 09:50:28,639 WARN o.s.j.x.p.SBMLCoreParser [Thread executing task Opening File... ] No Species matches the speciesID 'CLWCK62V' of speciesReference ''.
2019-05-28 09:50:28,639 WARN o.s.j.x.p.SBMLCoreParser [Thread executing task Opening File... ] No Species matches the speciesID 'TGLS1YIE' of speciesReference ''.
2019-05-28 09:50:28,640 WARN o.s.j.x.p.SBMLCoreParser [Thread executing task Opening File... ] No Species matches the speciesID 'MABV18AJ' of speciesReference ''.
2019-05-28 09:50:28,641 WARN o.s.j.x.p.SBMLCoreParser [Thread executing task Opening File... ] No Species matches the speciesID 'ED2ZNK1B' of speciesReference ''.
2019-05-28 09:50:28,642 WARN o.s.j.x.p.SBMLCoreParser [Thread executing task Opening File... ] No Species matches the speciesID 'MANTXQAO' of speciesReference ''.
2019-05-28 09:50:28,643 WARN o.s.j.x.p.SBMLCoreParser [Thread executing task Opening File... ] No Species matches the speciesID 'GLEQBVX9' of speciesReference ''.
2019-05-28 09:50:28,643 WARN o.s.j.x.p.SBMLCoreParser [Thread executing task Opening File... ] No Species matches the speciesID 'RNUMAD96' of speciesReference ''.
2019-05-28 09:50:28,645 WARN o.s.j.x.p.SBMLCoreParser [Thread executing task Opening File... ] No Species matches the speciesID 'TG60Q9SC' of speciesReference ''.
2019-05-28 09:50:28,645 WARN o.s.j.x.p.SBMLCoreParser [Thread executing task Opening File... ] No Species matches the speciesID 'LW3KCRAI' of speciesReference ''.
2019-05-28 09:50:28,647 WARN o.s.j.x.p.SBMLCoreParser [Thread executing task Opening File... ] No Species matches the speciesID 'T86FFG0Q' of speciesReference ''.
2019-05-28 09:50:28,647 WARN o.s.j.x.p.SBMLCoreParser [Thread executing task Opening File... ] No Species matches the speciesID 'L2KQDQ9Q' of speciesReference ''.
2019-05-28 09:50:28,648 WARN o.s.j.x.p.SBMLCoreParser [Thread executing task Opening File... ] No Species matches the speciesID 'JEXAWZIS' of speciesReference ''.
2019-05-28 09:50:28,649 WARN o.s.j.x.p.SBMLCoreParser [Thread executing task Opening File... ] No Species matches the speciesID 'GPL5NJ1B' of speciesReference ''.
2019-05-28 09:50:28,651 WARN o.s.j.x.p.SBMLCoreParser [Thread executing task Opening File... ] No Species matches the speciesID 'YILPCOOE' of speciesReference ''.
2019-05-28 09:50:28,653 WARN o.s.j.x.p.SBMLCoreParser [Thread executing task Opening File... ] No Species matches the speciesID 'LME2P2OA' of speciesReference ''.
2019-05-28 09:50:28,653 WARN o.s.j.x.p.SBMLCoreParser [Thread executing task Opening File... ] No Species matches the speciesID 'ULM6YS9F' of speciesReference ''.
2019-05-28 09:50:28,654 WARN o.s.j.x.p.SBMLCoreParser [Thread executing task Opening File... ] No Species matches the speciesID 'G36B24LA' of speciesReference ''.
2019-05-28 09:50:28,655 WARN o.s.j.x.p.SBMLCoreParser [Thread executing task Opening File... ] No Species matches the speciesID 'M1PA06AQ' of speciesReference ''.
2019-05-28 09:50:28,658 WARN o.s.j.x.p.SBMLCoreParser [Thread executing task Opening File... ] No Species matches the speciesID 'DKY9KQ10' of speciesReference ''.
2019-05-28 09:50:28,658 WARN o.s.j.x.p.SBMLCoreParser [Thread executing task Opening File... ] No Species matches the speciesID 'PHU10ROK' of speciesReference ''.
2019-05-28 09:50:28,659 WARN o.s.j.x.p.SBMLCoreParser [Thread executing task Opening File... ] No Species matches the speciesID 'OQZGAJ9P' of speciesReference ''.
2019-05-28 09:50:28,661 WARN o.s.j.x.p.SBMLCoreParser [Thread executing task Opening File... ] No Species matches the speciesID 'VIXXGMXE' of speciesReference ''.
2019-05-28 09:50:28,661 WARN o.s.j.x.p.SBMLCoreParser [Thread executing task Opening File... ] No Species matches the speciesID 'KCO2ZI2G' of speciesReference ''.
2019-05-28 09:50:28,662 WARN o.s.j.x.p.SBMLCoreParser [Thread executing task Opening File... ] No Species matches the speciesID 'Q51EW4AO' of speciesReference ''.
2019-05-28 09:50:28,663 WARN o.s.j.x.p.SBMLCoreParser [Thread executing task Opening File... ] No Species matches the speciesID 'Z4WR1COM' of speciesReference ''.
2019-05-28 09:50:28,663 WARN o.s.j.x.p.SBMLCoreParser [Thread executing task Opening File... ] No Species matches the speciesID 'OJ5AGFOZ' of speciesReference ''.
2019-05-28 09:50:28,664 WARN o.s.j.x.p.SBMLCoreParser [Thread executing task Opening File... ] No Species matches the speciesID 'ZR5WIU87' of speciesReference ''.
2019-05-28 09:50:28,664 WARN o.s.j.x.p.SBMLCoreParser [Thread executing task Opening File... ] No Species matches the speciesID 'SI500DI2' of speciesReference ''.
2019-05-28 09:50:28,664 WARN o.s.j.x.p.SBMLCoreParser [Thread executing task Opening File... ] No Species matches the speciesID 'MZUZAPSR' of speciesReference ''.
2019-05-28 09:50:28,665 WARN o.s.j.x.p.SBMLCoreParser [Thread executing task Opening File... ] No Species matches the speciesID 'Z36Y2TKI' of speciesReference ''.
2019-05-28 09:50:28,668 WARN o.s.j.x.p.SBMLCoreParser [Thread executing task Opening File... ] No Species matches the speciesID 'HKUQCAQC' of speciesReference ''.
2019-05-28 09:50:28,669 WARN o.s.j.x.p.SBMLCoreParser [Thread executing task Opening File... ] No Species matches the speciesID 'Z9KWKLP5' of speciesReference ''.
2019-05-28 09:50:28,670 WARN o.s.j.x.p.SBMLCoreParser [Thread executing task Opening File... ] No Species matches the speciesID 'MABV18AJ' of speciesReference ''.
2019-05-28 09:50:28,670 WARN o.s.j.x.p.SBMLCoreParser [Thread executing task Opening File... ] No Species matches the speciesID 'DWNGB3IP' of speciesReference ''.
2019-05-28 09:50:28,671 WARN o.s.j.x.p.SBMLCoreParser [Thread executing task Opening File... ] No Species matches the speciesID 'IX5ZB396' of speciesReference ''.
2019-05-28 09:50:28,672 WARN o.s.j.x.p.SBMLCoreParser [Thread executing task Opening File... ] No Species matches the speciesID 'UJG4OOA9' of speciesReference ''.
2019-05-28 09:50:28,673 WARN o.s.j.x.p.SBMLCoreParser [Thread executing task Opening File... ] No Species matches the speciesID 'Z0QM2C1S' of speciesReference ''.
2019-05-28 09:50:28,673 WARN o.s.j.x.p.SBMLCoreParser [Thread executing task Opening File... ] No Species matches the speciesID 'R1G3HUAW' of speciesReference ''.
2019-05-28 09:50:28,674 WARN o.s.j.x.p.SBMLCoreParser [Thread executing task Opening File... ] No Species matches the speciesID 'VNG6WRQI' of speciesReference ''.
2019-05-28 09:50:28,674 WARN o.s.j.x.p.SBMLCoreParser [Thread executing task Opening File... ] No Species matches the speciesID 'XNQET923' of speciesReference ''.
2019-05-28 09:50:28,676 WARN o.s.j.x.p.SBMLCoreParser [Thread executing task Opening File... ] No Species matches the speciesID 'S1YNY6IQ' of speciesReference ''.
2019-05-28 09:50:28,681 WARN o.s.j.x.p.SBMLCoreParser [Thread executing task Opening File... ] No Species matches the speciesID 'A312XY0C' of speciesReference ''.
2019-05-28 09:50:28,681 WARN o.s.j.x.p.SBMLCoreParser [Thread executing task Opening File... ] No Species matches the speciesID 'UWUFQIQ1' of speciesReference ''.
2019-05-28 09:50:28,682 WARN o.s.j.x.p.SBMLCoreParser [Thread executing task Opening File... ] No Species matches the speciesID 'ZIEW5ZIQ' of speciesReference ''.
2019-05-28 09:50:28,682 WARN o.s.j.x.p.SBMLCoreParser [Thread executing task Opening File... ] No Species matches the speciesID 'HKUQCAQC' of speciesReference ''.
2019-05-28 09:50:28,684 WARN o.s.j.x.p.SBMLCoreParser [Thread executing task Opening File... ] No Species matches the speciesID 'UD2I4AZ5' of speciesReference ''.
2019-05-28 09:50:28,684 WARN o.s.j.x.p.SBMLCoreParser [Thread executing task Opening File... ] No Species matches the speciesID 'MJSEHVWM' of speciesReference ''.
2019-05-28 09:50:28,684 WARN o.s.j.x.p.SBMLCoreParser [Thread executing task Opening File... ] No Species matches the speciesID 'EI0CQ4PG' of speciesReference ''.
2019-05-28 09:50:28,684 WARN o.s.j.x.p.SBMLCoreParser [Thread executing task Opening File... ] No Species matches the speciesID 'SRZZUSOM' of speciesReference ''.
2019-05-28 09:50:28,685 WARN o.s.j.x.p.SBMLCoreParser [Thread executing task Opening File... ] No Species matches the speciesID 'MB4Q1LOL' of speciesReference ''.
2019-05-28 09:50:28,685 WARN o.s.j.x.p.SBMLCoreParser [Thread executing task Opening File... ] No Species matches the speciesID 'UJG4OOA9' of speciesReference ''.
2019-05-28 09:50:28,687 WARN o.s.j.x.p.SBMLCoreParser [Thread executing task Opening File... ] No Species matches the speciesID 'LXZ9UE9H' of speciesReference ''.
2019-05-28 09:50:28,687 WARN o.s.j.x.p.SBMLCoreParser [Thread executing task Opening File... ] No Species matches the speciesID 'S660U6LY' of speciesReference ''.
2019-05-28 09:50:28,688 WARN o.s.j.x.p.SBMLCoreParser [Thread executing task Opening File... ] No Species matches the speciesID 'ZDH3UOXI' of speciesReference ''.
2019-05-28 09:50:28,690 WARN o.s.j.x.p.SBMLCoreParser [Thread executing task Opening File... ] No Species matches the speciesID 'MXIWRZ88' of speciesReference ''.
2019-05-28 09:50:28,691 WARN o.s.j.x.p.SBMLCoreParser [Thread executing task Opening File... ] No Species matches the speciesID 'T86FFG0Q' of speciesReference ''.
2019-05-28 09:50:28,691 WARN o.s.j.x.p.SBMLCoreParser [Thread executing task Opening File... ] No Species matches the speciesID 'AZJ0FX92' of speciesReference ''.
2019-05-28 09:50:28,692 WARN o.s.j.x.p.SBMLCoreParser [Thread executing task Opening File... ] No Species matches the speciesID 'CTA063OU' of speciesReference ''.
2019-05-28 09:50:28,693 WARN o.s.j.x.p.SBMLCoreParser [Thread executing task Opening File... ] No Species matches the speciesID 'UD33TL8R' of speciesReference ''.
2019-05-28 09:50:28,695 WARN o.s.j.x.p.SBMLCoreParser [Thread executing task Opening File... ] No Species matches the speciesID 'KLAKESX9' of speciesReference ''.
2019-05-28 09:50:28,695 WARN o.s.j.x.p.SBMLCoreParser [Thread executing task Opening File... ] No Species matches the speciesID 'Z0QM2C1S' of speciesReference ''.
2019-05-28 09:50:28,696 WARN o.s.j.x.p.SBMLCoreParser [Thread executing task Opening File... ] No Species matches the speciesID 'PLYHTPX0' of speciesReference ''.
2019-05-28 09:50:28,696 WARN o.s.j.x.p.SBMLCoreParser [Thread executing task Opening File... ] No Species matches the speciesID 'CJTV9XA6' of speciesReference ''.
2019-05-28 09:50:28,697 WARN o.s.j.x.p.SBMLCoreParser [Thread executing task Opening File... ] No Species matches the speciesID 'MJSEHVWM' of speciesReference ''.
2019-05-28 09:50:28,697 WARN o.s.j.x.p.SBMLCoreParser [Thread executing task Opening File... ] No Species matches the speciesID 'J8F1YT9S' of speciesReference ''.
2019-05-28 09:50:28,700 WARN o.s.j.x.p.SBMLCoreParser [Thread executing task Opening File... ] No Species matches the speciesID 'XORT10ID' of speciesReference ''.
2019-05-28 09:50:28,701 WARN o.s.j.x.p.SBMLCoreParser [Thread executing task Opening File... ] No Species matches the speciesID 'VPBS9FZW' of speciesReference ''.
2019-05-28 09:50:28,702 WARN o.s.j.x.p.SBMLCoreParser [Thread executing task Opening File... ] No Species matches the speciesID 'BCQF2COE' of speciesReference ''.
2019-05-28 09:50:28,703 WARN o.s.j.x.p.SBMLCoreParser [Thread executing task Opening File... ] No Species matches the speciesID 'AU2S8RPN' of speciesReference ''.
2019-05-28 09:50:28,704 WARN o.s.j.x.p.SBMLCoreParser [Thread executing task Opening File... ] No Species matches the speciesID 'F2K9N913' of speciesReference ''.
2019-05-28 09:50:28,705 WARN o.s.j.x.p.SBMLCoreParser [Thread executing task Opening File... ] No Species matches the speciesID 'AXBKUUZ7' of speciesReference ''.
2019-05-28 09:50:28,710 WARN o.s.j.x.p.SBMLCoreParser [Thread executing task Opening File... ] No Species matches the speciesID 'YILPCOOE' of speciesReference ''.
2019-05-28 09:50:28,712 WARN o.s.j.x.p.SBMLCoreParser [Thread executing task Opening File... ] No Species matches the speciesID 'ULM6YS9F' of speciesReference ''.
2019-05-28 09:50:28,713 WARN o.s.j.x.p.SBMLCoreParser [Thread executing task Opening File... ] No Species matches the speciesID 'PEFLRJ0R' of speciesReference ''.
2019-05-28 09:50:28,715 WARN o.s.j.x.p.SBMLCoreParser [Thread executing task Opening File... ] No Species matches the speciesID 'YYHHEC9Y' of speciesReference ''.
2019-05-28 09:50:28,718 WARN o.s.j.x.p.SBMLCoreParser [Thread executing task Opening File... ] No Species matches the speciesID 'A312XY0C' of speciesReference ''.
2019-05-28 09:50:28,720 WARN o.s.j.x.p.SBMLCoreParser [Thread executing task Opening File... ] No Species matches the speciesID 'UJG4OOA9' of speciesReference ''.
2019-05-28 09:50:28,721 WARN o.s.j.x.p.SBMLCoreParser [Thread executing task Opening File... ] No Species matches the speciesID 'PTF40WWP' of speciesReference ''.
2019-05-28 09:50:28,724 WARN o.s.j.x.p.SBMLCoreParser [Thread executing task Opening File... ] No Species matches the speciesID 'J8F1YT9S' of speciesReference ''.
2019-05-28 09:50:28,726 WARN o.s.j.x.p.SBMLCoreParser [Thread executing task Opening File... ] No Species matches the speciesID 'IX5ZB396' of speciesReference ''.
2019-05-28 09:50:28,727 WARN o.s.j.x.p.SBMLCoreParser [Thread executing task Opening File... ] No Species matches the speciesID 'EI0CQ4PG' of speciesReference ''.
2019-05-28 09:50:28,729 WARN o.s.j.x.p.SBMLCoreParser [Thread executing task Opening File... ] No Species matches the speciesID 'UEIO50XI' of speciesReference ''.
2019-05-28 09:50:28,729 WARN o.s.j.x.p.SBMLCoreParser [Thread executing task Opening File... ] No Species matches the speciesID 'PGL0OXO0' of speciesReference ''.
2019-05-28 09:50:28,730 WARN o.s.j.x.p.SBMLCoreParser [Thread executing task Opening File... ] No Species matches the speciesID 'DOZWD99Y' of speciesReference ''.
2019-05-28 09:50:28,730 WARN o.s.j.x.p.SBMLCoreParser [Thread executing task Opening File... ] No Species matches the speciesID 'Q51EW4AO' of speciesReference ''.
2019-05-28 09:50:28,731 WARN o.s.j.x.p.SBMLCoreParser [Thread executing task Opening File... ] No Species matches the speciesID 'ZIEW5ZIQ' of speciesReference ''.
2019-05-28 09:50:28,731 WARN o.s.j.x.p.SBMLCoreParser [Thread executing task Opening File... ] No Species matches the speciesID 'WMRGEKXF' of speciesReference ''.
2019-05-28 09:50:28,732 WARN o.s.j.x.p.SBMLCoreParser [Thread executing task Opening File... ] No Species matches the speciesID 'Z9KWKLP5' of speciesReference ''.
2019-05-28 09:50:28,733 WARN o.s.j.x.p.SBMLCoreParser [Thread executing task Opening File... ] No Species matches the speciesID 'SMLONG83' of speciesReference ''.
2019-05-28 09:50:28,733 WARN o.s.j.x.p.SBMLCoreParser [Thread executing task Opening File... ] No Species matches the speciesID 'OJ5AGFOZ' of speciesReference ''.
2019-05-28 09:50:28,735 WARN o.s.j.x.p.SBMLCoreParser [Thread executing task Opening File... ] No Species matches the speciesID 'DQZ65WAW' of speciesReference ''.
2019-05-28 09:50:28,739 WARN o.s.j.x.p.SBMLCoreParser [Thread executing task Opening File... ] No Species matches the speciesID 'VIXXGMXE' of speciesReference ''.
2019-05-28 09:50:28,741 WARN o.s.j.x.p.SBMLCoreParser [Thread executing task Opening File... ] No Species matches the speciesID 'A09P3K8X' of speciesReference ''.
2019-05-28 09:50:28,742 WARN o.s.j.x.p.SBMLCoreParser [Thread executing task Opening File... ] No Species matches the speciesID 'K80UQD2O' of speciesReference ''.
2019-05-28 09:50:28,745 WARN o.s.j.x.p.SBMLCoreParser [Thread executing task Opening File... ] No Species matches the speciesID 'TGLS1YIE' of speciesReference ''.
2019-05-28 09:50:28,746 WARN o.s.j.x.p.SBMLCoreParser [Thread executing task Opening File... ] No Species matches the speciesID 'DS2IXY83' of speciesReference ''.
2019-05-28 09:50:28,747 WARN o.s.j.x.p.SBMLCoreParser [Thread executing task Opening File... ] No Species matches the speciesID 'Z3IHU2LI' of speciesReference ''.
2019-05-28 09:50:28,748 WARN o.s.j.x.p.SBMLCoreParser [Thread executing task Opening File... ] No Species matches the speciesID 'O19JKDKI' of speciesReference ''.
2019-05-28 09:50:28,748 WARN o.s.j.x.p.SBMLCoreParser [Thread executing task Opening File... ] No Species matches the speciesID 'YJFUZFSS' of speciesReference ''.
2019-05-28 09:50:28,750 WARN o.s.j.x.p.SBMLCoreParser [Thread executing task Opening File... ] No Species matches the speciesID 'DWNGB3IP' of speciesReference ''.
2019-05-28 09:50:28,751 WARN o.s.j.x.p.SBMLCoreParser [Thread executing task Opening File... ] No Species matches the speciesID 'CLWCK62V' of speciesReference ''.
2019-05-28 09:50:28,752 WARN o.s.j.x.p.SBMLCoreParser [Thread executing task Opening File... ] No Species matches the speciesID 'VNG6WRQI' of speciesReference ''.
2019-05-28 09:50:28,753 WARN o.s.j.x.p.SBMLCoreParser [Thread executing task Opening File... ] No Species matches the speciesID 'MXIWRZ88' of speciesReference ''.
2019-05-28 09:50:28,753 WARN o.s.j.x.p.SBMLCoreParser [Thread executing task Opening File... ] No Species matches the speciesID 'BEECCXQJ' of speciesReference ''.
2019-05-28 09:50:28,754 WARN o.s.j.x.p.SBMLCoreParser [Thread executing task Opening File... ] No Species matches the speciesID 'FHVWD2KH' of speciesReference ''.
2019-05-28 09:50:28,754 WARN o.s.j.x.p.SBMLCoreParser [Thread executing task Opening File... ] No Species matches the speciesID 'LXZ9UE9H' of speciesReference ''.
2019-05-28 09:50:28,756 WARN o.s.j.x.p.SBMLCoreParser [Thread executing task Opening File... ] No Species matches the speciesID 'VPBS9FZW' of speciesReference ''.
2019-05-28 09:50:28,756 WARN o.s.j.x.p.SBMLCoreParser [Thread executing task Opening File... ] No Species matches the speciesID 'IH29NMXX' of speciesReference ''.
2019-05-28 09:50:28,758 WARN o.s.j.x.p.SBMLCoreParser [Thread executing task Opening File... ] No Species matches the speciesID 'DKY9KQ10' of speciesReference ''.
2019-05-28 09:50:28,759 WARN o.s.j.x.p.SBMLCoreParser [Thread executing task Opening File... ] No Species matches the speciesID 'MB4Q1LOL' of speciesReference ''.
2019-05-28 09:50:28,759 WARN o.s.j.x.p.SBMLCoreParser [Thread executing task Opening File... ] No Species matches the speciesID 'PHU10ROK' of speciesReference ''.
2019-05-28 09:50:28,760 WARN o.s.j.x.p.SBMLCoreParser [Thread executing task Opening File... ] No Species matches the speciesID 'L2KQDQ9Q' of speciesReference ''.
2019-05-28 09:50:28,760 WARN o.s.j.x.p.SBMLCoreParser [Thread executing task Opening File... ] No Species matches the speciesID 'DA56Q3S8' of speciesReference ''.
2019-05-28 09:50:28,761 WARN o.s.j.x.p.SBMLCoreParser [Thread executing task Opening File... ] No Species matches the speciesID 'ZIEW5ZIQ' of speciesReference ''.
2019-05-28 09:50:28,764 WARN o.s.j.x.p.SBMLCoreParser [Thread executing task Opening File... ] No Species matches the speciesID 'G36B24LA' of speciesReference ''.
2019-05-28 09:50:28,764 WARN o.s.j.x.p.SBMLCoreParser [Thread executing task Opening File... ] No Species matches the speciesID 'A09P3K8X' of speciesReference ''.
2019-05-28 09:50:28,766 WARN o.s.j.x.p.SBMLCoreParser [Thread executing task Opening File... ] No Species matches the speciesID 'I5B7XD82' of speciesReference ''.
2019-05-28 09:50:28,766 WARN o.s.j.x.p.SBMLCoreParser [Thread executing task Opening File... ] No Species matches the speciesID 'JE95NDOW' of speciesReference ''.
2019-05-28 09:50:28,767 WARN o.s.j.x.p.SBMLCoreParser [Thread executing task Opening File... ] No Species matches the speciesID 'LME2P2OA' of speciesReference ''.
2019-05-28 09:50:28,767 WARN o.s.j.x.p.SBMLCoreParser [Thread executing task Opening File... ] No Species matches the speciesID 'IU4VYF2K' of speciesReference ''.
2019-05-28 09:50:28,770 WARN o.s.j.x.p.SBMLCoreParser [Thread executing task Opening File... ] No Species matches the speciesID 'R1G3HUAW' of speciesReference ''.
2019-05-28 09:50:28,772 WARN o.s.j.x.p.SBMLCoreParser [Thread executing task Opening File... ] No Species matches the speciesID 'SI500DI2' of speciesReference ''.
2019-05-28 09:50:28,772 WARN o.s.j.x.p.SBMLCoreParser [Thread executing task Opening File... ] No Species matches the speciesID 'MZUZAPSR' of speciesReference ''.
2019-05-28 09:50:28,772 WARN o.s.j.x.p.SBMLCoreParser [Thread executing task Opening File... ] No Species matches the speciesID 'F5XJN0PI' of speciesReference ''.
2019-05-28 09:50:28,773 WARN o.s.j.x.p.SBMLCoreParser [Thread executing task Opening File... ] No Species matches the speciesID 'AXBKUUZ7' of speciesReference ''.
2019-05-28 09:50:28,774 WARN o.s.j.x.p.SBMLCoreParser [Thread executing task Opening File... ] No Species matches the speciesID 'DS2IXY83' of speciesReference ''.
2019-05-28 09:50:28,774 WARN o.s.j.x.p.SBMLCoreParser [Thread executing task Opening File... ] No Species matches the speciesID 'O1AI09A1' of speciesReference ''.
2019-05-28 09:50:28,775 WARN o.s.j.x.p.SBMLCoreParser [Thread executing task Opening File... ] No Species matches the speciesID 'QLXIHI17' of speciesReference ''.
2019-05-28 09:50:28,776 WARN o.s.j.x.p.SBMLCoreParser [Thread executing task Opening File... ] No Species matches the speciesID 'ZR5WIU87' of speciesReference ''.
2019-05-28 09:50:28,780 WARN o.s.j.x.p.SBMLCoreParser [Thread executing task Opening File... ] No Species matches the speciesID 'Z4WR1COM' of speciesReference ''.
2019-05-28 09:50:28,781 WARN o.s.j.x.p.SBMLCoreParser [Thread executing task Opening File... ] No Species matches the speciesID 'KLAKESX9' of speciesReference ''.
2019-05-28 09:50:28,782 WARN o.s.j.x.p.SBMLCoreParser [Thread executing task Opening File... ] No Species matches the speciesID 'F2K9N913' of speciesReference ''.
2019-05-28 09:50:28,783 WARN o.s.j.x.p.SBMLCoreParser [Thread executing task Opening File... ] No Species matches the speciesID 'KIX0UFPL' of speciesReference ''.
2019-05-28 09:50:28,785 WARN o.s.j.x.p.SBMLCoreParser [Thread executing task Opening File... ] No Species matches the speciesID 'KCO2ZI2G' of speciesReference ''.
2019-05-28 09:50:28,787 WARN o.s.j.x.p.SBMLCoreParser [Thread executing task Opening File... ] No Species matches the speciesID 'F5XJN0PI' of speciesReference ''.
2019-05-28 09:50:28,788 WARN o.s.j.x.p.SBMLCoreParser [Thread executing task Opening File... ] No Species matches the speciesID 'XNQET923' of speciesReference ''.
2019-05-28 09:50:28,789 WARN o.s.j.x.p.SBMLCoreParser [Thread executing task Opening File... ] No Species matches the speciesID 'SIVXWJPA' of speciesReference ''.
2019-05-28 09:50:28,789 WARN o.s.j.x.p.SBMLCoreParser [Thread executing task Opening File... ] No Species matches the speciesID 'WXX3GO9H' of speciesReference ''.
2019-05-28 09:50:28,790 WARN o.s.j.x.p.SBMLCoreParser [Thread executing task Opening File... ] No Species matches the speciesID 'DQZ65WAW' of speciesReference ''.
2019-05-28 09:50:28,790 WARN o.s.j.x.p.SBMLCoreParser [Thread executing task Opening File... ] No Species matches the speciesID 'AZJ0FX92' of speciesReference ''.
2019-05-28 09:50:28,791 WARN o.s.j.x.p.SBMLCoreParser [Thread executing task Opening File... ] No Species matches the speciesID 'GEHA69P1' of speciesReference ''.
2019-05-28 09:50:28,791 WARN o.s.j.x.p.SBMLCoreParser [Thread executing task Opening File... ] No Species matches the speciesID 'S1YNY6IQ' of speciesReference ''.
2019-05-28 09:50:28,791 WARN o.s.j.x.p.SBMLCoreParser [Thread executing task Opening File... ] No Species matches the speciesID 'PEFLRJ0R' of speciesReference ''.
2019-05-28 09:50:28,793 WARN o.s.j.x.p.SBMLCoreParser [Thread executing task Opening File... ] No Species matches the speciesID 'VALBOML3' of speciesReference ''.
2019-05-28 09:50:28,793 WARN o.s.j.x.p.SBMLCoreParser [Thread executing task Opening File... ] No Species matches the speciesID 'UEIO50XI' of speciesReference ''.
2019-05-28 09:50:28,798 WARN o.s.j.x.p.SBMLCoreParser [Thread executing task Opening File... ] No Species matches the speciesID 'CTA063OU' of speciesReference ''.
2019-05-28 09:50:28,799 WARN o.s.j.x.p.SBMLCoreParser [Thread executing task Opening File... ] No Species matches the speciesID 'Z9KWKLP5' of speciesReference ''.
2019-05-28 09:50:28,800 WARN o.s.j.x.p.SBMLCoreParser [Thread executing task Opening File... ] No Species matches the speciesID 'UFEB3ZAJ' of speciesReference ''.
2019-05-28 09:50:28,802 WARN o.s.j.x.p.SBMLCoreParser [Thread executing task Opening File... ] No Species matches the speciesID 'DOZWD99Y' of speciesReference ''.
2019-05-28 09:50:28,803 WARN o.s.j.x.p.SBMLCoreParser [Thread executing task Opening File... ] No Species matches the speciesID 'UD2I4AZ5' of speciesReference ''.
2019-05-28 09:50:28,804 WARN o.s.j.x.p.SBMLCoreParser [Thread executing task Opening File... ] No Species matches the speciesID 'I5B7XD82' of speciesReference ''.
2019-05-28 09:50:28,805 WARN o.s.j.x.p.SBMLCoreParser [Thread executing task Opening File... ] No Species matches the speciesID 'BEECCXQJ' of speciesReference ''.
2019-05-28 09:50:28,806 WARN o.s.j.x.p.SBMLCoreParser [Thread executing task Opening File... ] No Species matches the speciesID 'S660U6LY' of speciesReference ''.
2019-05-28 09:50:28,807 WARN o.s.j.x.p.SBMLCoreParser [Thread executing task Opening File... ] No Species matches the speciesID 'O19JKDKI' of speciesReference ''.
2019-05-28 09:50:28,808 WARN o.s.j.x.p.SBMLCoreParser [Thread executing task Opening File... ] No Species matches the speciesID 'MB4Q1LOL' of speciesReference ''.
2019-05-28 09:50:28,809 WARN o.s.j.x.p.SBMLCoreParser [Thread executing task Opening File... ] No Species matches the speciesID 'CLWCK62V' of speciesReference ''.
2019-05-28 09:50:28,809 WARN o.s.j.x.p.SBMLCoreParser [Thread executing task Opening File... ] No Species matches the speciesID 'TGLS1YIE' of speciesReference ''.
2019-05-28 09:50:28,814 WARN o.s.j.x.p.SBMLCoreParser [Thread executing task Opening File... ] No Species matches the speciesID 'MABV18AJ' of speciesReference ''.
2019-05-28 09:50:28,816 WARN o.s.j.x.p.SBMLCoreParser [Thread executing task Opening File... ] No Species matches the speciesID 'ED2ZNK1B' of speciesReference ''.
2019-05-28 09:50:28,817 WARN o.s.j.x.p.SBMLCoreParser [Thread executing task Opening File... ] No Species matches the speciesID 'MANTXQAO' of speciesReference ''.
2019-05-28 09:50:28,819 WARN o.s.j.x.p.SBMLCoreParser [Thread executing task Opening File... ] No Species matches the speciesID 'GLEQBVX9' of speciesReference ''.
2019-05-28 09:50:28,819 WARN o.s.j.x.p.SBMLCoreParser [Thread executing task Opening File... ] No Species matches the speciesID 'RNUMAD96' of speciesReference ''.
2019-05-28 09:50:28,820 WARN o.s.j.x.p.SBMLCoreParser [Thread executing task Opening File... ] No Species matches the speciesID 'TG60Q9SC' of speciesReference ''.
2019-05-28 09:50:28,821 WARN o.s.j.x.p.SBMLCoreParser [Thread executing task Opening File... ] No Species matches the speciesID 'LW3KCRAI' of speciesReference ''.
2019-05-28 09:50:28,823 WARN o.s.j.x.p.SBMLCoreParser [Thread executing task Opening File... ] No Species matches the speciesID 'T86FFG0Q' of speciesReference ''.
2019-05-28 09:50:28,824 WARN o.s.j.x.p.SBMLCoreParser [Thread executing task Opening File... ] No Species matches the speciesID 'L2KQDQ9Q' of speciesReference ''.
2019-05-28 09:50:28,825 WARN o.s.j.x.p.SBMLCoreParser [Thread executing task Opening File... ] No Species matches the speciesID 'JEXAWZIS' of speciesReference ''.
2019-05-28 09:50:28,825 WARN o.s.j.x.p.SBMLCoreParser [Thread executing task Opening File... ] No Species matches the speciesID 'GPL5NJ1B' of speciesReference ''.
2019-05-28 09:50:28,828 WARN o.s.j.x.p.SBMLCoreParser [Thread executing task Opening File... ] No Species matches the speciesID 'YILPCOOE' of speciesReference ''.
2019-05-28 09:50:28,830 WARN o.s.j.x.p.SBMLCoreParser [Thread executing task Opening File... ] No Species matches the speciesID 'LME2P2OA' of speciesReference ''.
2019-05-28 09:50:28,831 WARN o.s.j.x.p.SBMLCoreParser [Thread executing task Opening File... ] No Species matches the speciesID 'ULM6YS9F' of speciesReference ''.
2019-05-28 09:50:28,831 WARN o.s.j.x.p.SBMLCoreParser [Thread executing task Opening File... ] No Species matches the speciesID 'G36B24LA' of speciesReference ''.
2019-05-28 09:50:28,834 WARN o.s.j.x.p.SBMLCoreParser [Thread executing task Opening File... ] No Species matches the speciesID 'M1PA06AQ' of speciesReference ''.
2019-05-28 09:50:28,838 WARN o.s.j.x.p.SBMLCoreParser [Thread executing task Opening File... ] No Species matches the speciesID 'DKY9KQ10' of speciesReference ''.
2019-05-28 09:50:28,839 WARN o.s.j.x.p.SBMLCoreParser [Thread executing task Opening File... ] No Species matches the speciesID 'PHU10ROK' of speciesReference ''.
2019-05-28 09:50:28,840 WARN o.s.j.x.p.SBMLCoreParser [Thread executing task Opening File... ] No Species matches the speciesID 'OQZGAJ9P' of speciesReference ''.
